  Aladdin.cpp
  c:\program files (x86)\microsoft directx sdk (june 2010)\include\dinput.h: DIRECTINPUT_VERSION undefined. Defaulting to version 0x0800
c:\users\haiapple.com\desktop\aladdin\aladdigamec\aladdigamec\aladdin.cpp(90): warning C4305: 'argument': truncation from 'double' to 'FLOAT'
c:\users\haiapple.com\desktop\aladdin\aladdigamec\aladdigamec\aladdin.cpp(94): warning C4305: 'argument': truncation from 'double' to 'FLOAT'
  AladdinAnimation.cpp
  c:\program files (x86)\microsoft directx sdk (june 2010)\include\dinput.h: DIRECTINPUT_VERSION undefined. Defaulting to version 0x0800
  AladinState.cpp
  c:\program files (x86)\microsoft directx sdk (june 2010)\include\dinput.h: DIRECTINPUT_VERSION undefined. Defaulting to version 0x0800
c:\users\haiapple.com\desktop\aladdin\aladdigamec\aladdigamec\aladinstate.cpp(87): warning C4244: '=': conversion from 'FLOAT' to 'int', possible loss of data
  Animation.cpp
  c:\program files (x86)\microsoft directx sdk (june 2010)\include\dinput.h: DIRECTINPUT_VERSION undefined. Defaulting to version 0x0800
c:\users\haiapple.com\desktop\aladdin\aladdigamec\aladdigamec\animation.cpp(21): warning C4244: '=': conversion from 'int' to 'float', possible loss of data
c:\users\haiapple.com\desktop\aladdin\aladdigamec\aladdigamec\animation.cpp(45): warning C4244: '=': conversion from 'int' to 'float', possible loss of data
c:\users\haiapple.com\desktop\aladdin\aladdigamec\aladdigamec\animation.cpp(54): warning C4244: '=': conversion from 'int' to 'float', possible loss of data
c:\users\haiapple.com\desktop\aladdin\aladdigamec\aladdigamec\animation.cpp(83): warning C4244: 'return': conversion from 'float' to 'int', possible loss of data
  Drill.cpp
  c:\program files (x86)\microsoft directx sdk (june 2010)\include\dinput.h: DIRECTINPUT_VERSION undefined. Defaulting to version 0x0800
c:\users\haiapple.com\desktop\aladdin\aladdigamec\aladdigamec\drill.h(11): error C2059: syntax error: '<<'
c:\users\haiapple.com\desktop\aladdin\aladdigamec\aladdigamec\drill.h(11): error C2334: unexpected token(s) preceding ':'; skipping apparent function body
c:\users\haiapple.com\desktop\aladdin\aladdigamec\aladdigamec\drill.cpp(54): fatal error C1004: unexpected end-of-file found
  Bat.cpp
  c:\program files (x86)\microsoft directx sdk (june 2010)\include\dinput.h: DIRECTINPUT_VERSION undefined. Defaulting to version 0x0800
c:\users\haiapple.com\desktop\aladdin\aladdigamec\aladdigamec\bat.cpp(14): warning C4305: 'argument': truncation from 'double' to 'float'
c:\users\haiapple.com\desktop\aladdin\aladdigamec\aladdigamec\bat.cpp(18): warning C4305: 'argument': truncation from 'double' to 'float'
c:\users\haiapple.com\desktop\aladdin\aladdigamec\aladdigamec\bat.cpp(26): warning C4305: 'argument': truncation from 'double' to 'float'
  Brick.cpp
  c:\program files (x86)\microsoft directx sdk (june 2010)\include\dinput.h: DIRECTINPUT_VERSION undefined. Defaulting to version 0x0800
  Cell.cpp
  c:\program files (x86)\microsoft directx sdk (june 2010)\include\dinput.h: DIRECTINPUT_VERSION undefined. Defaulting to version 0x0800
  Collision.cpp
  c:\program files (x86)\microsoft directx sdk (june 2010)\include\dinput.h: DIRECTINPUT_VERSION undefined. Defaulting to version 0x0800
c:\users\haiapple.com\desktop\aladdin\aladdigamec\aladdigamec\collision.cpp(18): warning C4244: '=': conversion from 'FLOAT' to 'LONG', possible loss of data
c:\users\haiapple.com\desktop\aladdin\aladdigamec\aladdigamec\collision.cpp(20): warning C4244: '=': conversion from 'FLOAT' to 'LONG', possible loss of data
c:\users\haiapple.com\desktop\aladdin\aladdigamec\aladdigamec\collision.cpp(23): warning C4244: '=': conversion from 'FLOAT' to 'LONG', possible loss of data
c:\users\haiapple.com\desktop\aladdin\aladdigamec\aladdigamec\collision.cpp(25): warning C4244: '=': conversion from 'FLOAT' to 'LONG', possible loss of data
c:\users\haiapple.com\desktop\aladdin\aladdigamec\aladdigamec\collision.cpp(64): warning C4244: '=': conversion from 'LONG' to 'float', possible loss of data
c:\users\haiapple.com\desktop\aladdin\aladdigamec\aladdigamec\collision.cpp(65): warning C4244: '=': conversion from 'LONG' to 'float', possible loss of data
c:\users\haiapple.com\desktop\aladdin\aladdigamec\aladdigamec\collision.cpp(69): warning C4244: '=': conversion from 'LONG' to 'float', possible loss of data
c:\users\haiapple.com\desktop\aladdin\aladdigamec\aladdigamec\collision.cpp(70): warning C4244: '=': conversion from 'LONG' to 'float', possible loss of data
c:\users\haiapple.com\desktop\aladdin\aladdigamec\aladdigamec\collision.cpp(75): warning C4244: '=': conversion from 'LONG' to 'float', possible loss of data
c:\users\haiapple.com\desktop\aladdin\aladdigamec\aladdigamec\collision.cpp(76): warning C4244: '=': conversion from 'LONG' to 'float', possible loss of data
c:\users\haiapple.com\desktop\aladdin\aladdigamec\aladdigamec\collision.cpp(80): warning C4244: '=': conversion from 'LONG' to 'float', possible loss of data
c:\users\haiapple.com\desktop\aladdin\aladdigamec\aladdigamec\collision.cpp(81): warning C4244: '=': conversion from 'LONG' to 'float', possible loss of data
  dsutil.cpp
  Game.cpp
  c:\program files (x86)\microsoft directx sdk (june 2010)\include\dinput.h: DIRECTINPUT_VERSION undefined. Defaulting to version 0x0800
c:\users\haiapple.com\desktop\aladdin\aladdigamec\aladdigamec\drill.h(11): error C2059: syntax error: '<<'
c:\users\haiapple.com\desktop\aladdin\aladdigamec\aladdigamec\drill.h(11): error C2334: unexpected token(s) preceding ':'; skipping apparent function body
c:\users\haiapple.com\desktop\aladdin\aladdigamec\aladdigamec\map3d.h(11): error C2059: syntax error: 'using namespace'
c:\users\haiapple.com\desktop\aladdin\aladdigamec\aladdigamec\map3d.h(11): error C2238: unexpected token(s) preceding ';'
c:\users\haiapple.com\desktop\aladdin\aladdigamec\aladdigamec\map3d.h(28): error C2059: syntax error: '>'
c:\users\haiapple.com\desktop\aladdin\aladdigamec\aladdigamec\game.cpp(4): error C3254: 'Drill': class contains explicit override '{ctor}' but does not derive from an interface that contains the function declaration
c:\users\haiapple.com\desktop\aladdin\aladdigamec\aladdigamec\game.cpp(4): error C2838: '{ctor}': illegal qualified name in member declaration
c:\users\haiapple.com\desktop\aladdin\aladdigamec\aladdigamec\game.cpp(14): error C3254: 'Drill': class contains explicit override '{dtor}' but does not derive from an interface that contains the function declaration
c:\users\haiapple.com\desktop\aladdin\aladdigamec\aladdigamec\game.cpp(14): error C2838: '{dtor}': illegal qualified name in member declaration
c:\users\haiapple.com\desktop\aladdin\aladdigamec\aladdigamec\game.cpp(23): error C3254: 'Drill': class contains explicit override 'WindowProc' but does not derive from an interface that contains the function declaration
c:\users\haiapple.com\desktop\aladdin\aladdigamec\aladdigamec\game.cpp(23): error C2838: 'WindowProc': illegal qualified name in member declaration
c:\users\haiapple.com\desktop\aladdin\aladdigamec\aladdigamec\game.cpp(37): error C3254: 'Drill': class contains explicit override 'InitWindow' but does not derive from an interface that contains the function declaration
c:\users\haiapple.com\desktop\aladdin\aladdigamec\aladdigamec\game.cpp(37): error C2838: 'InitWindow': illegal qualified name in member declaration
c:\users\haiapple.com\desktop\aladdin\aladdigamec\aladdigamec\game.cpp(77): error C3254: 'Drill': class contains explicit override 'InitGraphic' but does not derive from an interface that contains the function declaration
c:\users\haiapple.com\desktop\aladdin\aladdigamec\aladdigamec\game.cpp(77): error C2838: 'InitGraphic': illegal qualified name in member declaration
c:\users\haiapple.com\desktop\aladdin\aladdigamec\aladdigamec\game.cpp(88): error C3254: 'Drill': class contains explicit override 'InitKeyboard' but does not derive from an interface that contains the function declaration
c:\users\haiapple.com\desktop\aladdin\aladdigamec\aladdigamec\game.cpp(88): error C2838: 'InitKeyboard': illegal qualified name in member declaration
c:\users\haiapple.com\desktop\aladdin\aladdigamec\aladdigamec\game.cpp(94): error C3254: 'Drill': class contains explicit override 'InitSound' but does not derive from an interface that contains the function declaration
c:\users\haiapple.com\desktop\aladdin\aladdigamec\aladdigamec\game.cpp(94): error C2838: 'InitSound': illegal qualified name in member declaration
c:\users\haiapple.com\desktop\aladdin\aladdigamec\aladdigamec\game.cpp(99): error C3254: 'Drill': class contains explicit override 'InitScene' but does not derive from an interface that contains the function declaration
c:\users\haiapple.com\desktop\aladdin\aladdigamec\aladdigamec\game.cpp(99): error C2838: 'InitScene': illegal qualified name in member declaration
c:\users\haiapple.com\desktop\aladdin\aladdigamec\aladdigamec\game.cpp(105): error C3254: 'Drill': class contains explicit override 'Init' but does not derive from an interface that contains the function declaration
c:\users\haiapple.com\desktop\aladdin\aladdigamec\aladdigamec\game.cpp(105): error C2838: 'Init': illegal qualified name in member declaration
c:\users\haiapple.com\desktop\aladdin\aladdigamec\aladdigamec\game.cpp(115): error C3254: 'Drill': class contains explicit override 'Run' but does not derive from an interface that contains the function declaration
c:\users\haiapple.com\desktop\aladdin\aladdigamec\aladdigamec\game.cpp(115): error C2838: 'Run': illegal qualified name in member declaration
c:\users\haiapple.com\desktop\aladdin\aladdigamec\aladdigamec\game.cpp(156): error C3254: 'Drill': class contains explicit override 'Update' but does not derive from an interface that contains the function declaration
c:\users\haiapple.com\desktop\aladdin\aladdigamec\aladdigamec\game.cpp(156): error C2838: 'Update': illegal qualified name in member declaration
c:\users\haiapple.com\desktop\aladdin\aladdigamec\aladdigamec\game.cpp(164): error C3254: 'Drill': class contains explicit override 'Render' but does not derive from an interface that contains the function declaration
c:\users\haiapple.com\desktop\aladdin\aladdigamec\aladdigamec\game.cpp(164): error C2838: 'Render': illegal qualified name in member declaration
c:\users\haiapple.com\desktop\aladdin\aladdigamec\aladdigamec\game.cpp(169): fatal error C1004: unexpected end-of-file found
  Graphic.cpp
c:\users\haiapple.com\desktop\aladdin\aladdigamec\aladdigamec\graphic.cpp(171): warning C4244: 'initializing': conversion from 'double' to 'float', possible loss of data
  Grid.cpp
  c:\program files (x86)\microsoft directx sdk (june 2010)\include\dinput.h: DIRECTINPUT_VERSION undefined. Defaulting to version 0x0800
c:\users\haiapple.com\desktop\aladdin\aladdigamec\aladdigamec\grid.cpp(79): warning C4244: 'initializing': conversion from 'double' to 'int', possible loss of data
c:\users\haiapple.com\desktop\aladdin\aladdigamec\aladdigamec\grid.cpp(80): warning C4244: 'initializing': conversion from 'double' to 'int', possible loss of data
c:\users\haiapple.com\desktop\aladdin\aladdigamec\aladdigamec\grid.cpp(81): warning C4244: 'initializing': conversion from 'double' to 'int', possible loss of data
c:\users\haiapple.com\desktop\aladdin\aladdigamec\aladdigamec\grid.cpp(82): warning C4244: 'initializing': conversion from 'double' to 'int', possible loss of data
c:\users\haiapple.com\desktop\aladdin\aladdigamec\aladdigamec\grid.cpp(107): warning C4244: 'initializing': conversion from 'double' to 'int', possible loss of data
c:\users\haiapple.com\desktop\aladdin\aladdigamec\aladdigamec\grid.cpp(108): warning C4244: 'initializing': conversion from 'double' to 'int', possible loss of data
c:\users\haiapple.com\desktop\aladdin\aladdigamec\aladdigamec\grid.cpp(109): warning C4244: 'initializing': conversion from 'double' to 'int', possible loss of data
c:\users\haiapple.com\desktop\aladdin\aladdigamec\aladdigamec\grid.cpp(110): warning C4244: 'initializing': conversion from 'double' to 'int', possible loss of data
  Guard.cpp
  c:\program files (x86)\microsoft directx sdk (june 2010)\include\dinput.h: DIRECTINPUT_VERSION undefined. Defaulting to version 0x0800
  Keyboard.cpp
  c:\program files (x86)\microsoft directx sdk (june 2010)\include\dinput.h: DIRECTINPUT_VERSION undefined. Defaulting to version 0x0800
  Map.cpp
  c:\program files (x86)\microsoft directx sdk (june 2010)\include\dinput.h: DIRECTINPUT_VERSION undefined. Defaulting to version 0x0800
c:\users\haiapple.com\desktop\aladdin\aladdigamec\aladdigamec\map.cpp(122): warning C4244: 'initializing': conversion from 'FLOAT' to 'int', possible loss of data
c:\users\haiapple.com\desktop\aladdin\aladdigamec\aladdigamec\map.cpp(123): warning C4244: 'initializing': conversion from 'FLOAT' to 'int', possible loss of data
c:\users\haiapple.com\desktop\aladdin\aladdigamec\aladdigamec\map.cpp(128): warning C4244: 'initializing': conversion from 'FLOAT' to 'int', possible loss of data
c:\users\haiapple.com\desktop\aladdin\aladdigamec\aladdigamec\map.cpp(129): warning C4244: 'initializing': conversion from 'FLOAT' to 'int', possible loss of data
c:\users\haiapple.com\desktop\aladdin\aladdigamec\aladdigamec\map.cpp(176): warning C4244: 'argument': conversion from 'int' to 'FLOAT', possible loss of data
c:\users\haiapple.com\desktop\aladdin\aladdigamec\aladdigamec\map.cpp(210): warning C4244: 'argument': conversion from 'FLOAT' to 'int', possible loss of data
c:\users\haiapple.com\desktop\aladdin\aladdigamec\aladdigamec\map.cpp(211): warning C4244: 'argument': conversion from 'FLOAT' to 'int', possible loss of data
c:\users\haiapple.com\desktop\aladdin\aladdigamec\aladdigamec\map.cpp(212): warning C4244: 'argument': conversion from 'float' to 'int', possible loss of data
c:\users\haiapple.com\desktop\aladdin\aladdigamec\aladdigamec\map.cpp(213): warning C4244: 'argument': conversion from 'float' to 'int', possible loss of data
  Map3D.cpp
  c:\program files (x86)\microsoft directx sdk (june 2010)\include\dinput.h: DIRECTINPUT_VERSION undefined. Defaulting to version 0x0800
c:\users\haiapple.com\desktop\aladdin\aladdigamec\aladdigamec\map3d.cpp(122): warning C4244: 'initializing': conversion from 'FLOAT' to 'int', possible loss of data
c:\users\haiapple.com\desktop\aladdin\aladdigamec\aladdigamec\map3d.cpp(123): warning C4244: 'initializing': conversion from 'FLOAT' to 'int', possible loss of data
c:\users\haiapple.com\desktop\aladdin\aladdigamec\aladdigamec\map3d.cpp(128): warning C4244: 'initializing': conversion from 'FLOAT' to 'int', possible loss of data
c:\users\haiapple.com\desktop\aladdin\aladdigamec\aladdigamec\map3d.cpp(129): warning C4244: 'initializing': conversion from 'FLOAT' to 'int', possible loss of data
c:\users\haiapple.com\desktop\aladdin\aladdigamec\aladdigamec\map3d.cpp(143): warning C4244: 'initializing': conversion from 'FLOAT' to 'int', possible loss of data
c:\users\haiapple.com\desktop\aladdin\aladdigamec\aladdigamec\map3d.cpp(144): warning C4244: 'initializing': conversion from 'FLOAT' to 'int', possible loss of data
  MapObject.cpp
c:\users\haiapple.com\desktop\aladdin\aladdigamec\aladdigamec\mapobject.cpp(6): warning C4244: '=': conversion from 'float' to 'LONG', possible loss of data
c:\users\haiapple.com\desktop\aladdin\aladdigamec\aladdigamec\mapobject.cpp(7): warning C4244: '=': conversion from 'float' to 'LONG', possible loss of data
c:\users\haiapple.com\desktop\aladdin\aladdigamec\aladdigamec\mapobject.cpp(8): warning C4244: '=': conversion from 'float' to 'LONG', possible loss of data
c:\users\haiapple.com\desktop\aladdin\aladdigamec\aladdigamec\mapobject.cpp(9): warning C4244: '=': conversion from 'float' to 'LONG', possible loss of data
  MapObjectGroup.cpp
  Object.cpp
  c:\program files (x86)\microsoft directx sdk (june 2010)\include\dinput.h: DIRECTINPUT_VERSION undefined. Defaulting to version 0x0800
c:\users\haiapple.com\desktop\aladdin\aladdigamec\aladdigamec\object.cpp(28): warning C4244: '=': conversion from 'FLOAT' to 'LONG', possible loss of data
c:\users\haiapple.com\desktop\aladdin\aladdigamec\aladdigamec\object.cpp(29): warning C4244: '=': conversion from 'float' to 'LONG', possible loss of data
c:\users\haiapple.com\desktop\aladdin\aladdigamec\aladdigamec\object.cpp(30): warning C4244: '=': conversion from 'FLOAT' to 'LONG', possible loss of data
c:\users\haiapple.com\desktop\aladdin\aladdigamec\aladdigamec\object.cpp(31): warning C4244: '=': conversion from 'float' to 'LONG', possible loss of data
c:\users\haiapple.com\desktop\aladdin\aladdigamec\aladdigamec\object.cpp(44): warning C4244: '=': conversion from 'FLOAT' to 'LONG', possible loss of data
c:\users\haiapple.com\desktop\aladdin\aladdigamec\aladdigamec\object.cpp(45): warning C4244: '=': conversion from 'float' to 'LONG', possible loss of data
c:\users\haiapple.com\desktop\aladdin\aladdigamec\aladdigamec\object.cpp(46): warning C4244: '=': conversion from 'FLOAT' to 'LONG', possible loss of data
c:\users\haiapple.com\desktop\aladdin\aladdigamec\aladdigamec\object.cpp(47): warning C4244: '=': conversion from 'float' to 'LONG', possible loss of data
  Generating Code...
  Compiling...
  ObjectManager.cpp
  c:\program files (x86)\microsoft directx sdk (june 2010)\include\dinput.h: DIRECTINPUT_VERSION undefined. Defaulting to version 0x0800
c:\users\haiapple.com\desktop\aladdin\aladdigamec\aladdigamec\drill.h(11): error C2059: syntax error: '<<'
c:\users\haiapple.com\desktop\aladdin\aladdigamec\aladdigamec\drill.h(11): error C2334: unexpected token(s) preceding ':'; skipping apparent function body
c:\users\haiapple.com\desktop\aladdin\aladdigamec\aladdigamec\map3d.h(11): error C2059: syntax error: 'using namespace'
c:\users\haiapple.com\desktop\aladdin\aladdigamec\aladdigamec\map3d.h(11): error C2238: unexpected token(s) preceding ';'
c:\users\haiapple.com\desktop\aladdin\aladdigamec\aladdigamec\map3d.h(28): error C2059: syntax error: '>'
c:\users\haiapple.com\desktop\aladdin\aladdigamec\aladdigamec\objectmanager.cpp(5): error C3254: 'Drill': class contains explicit override '{ctor}' but does not derive from an interface that contains the function declaration
c:\users\haiapple.com\desktop\aladdin\aladdigamec\aladdigamec\objectmanager.cpp(5): error C2838: '{ctor}': illegal qualified name in member declaration
c:\users\haiapple.com\desktop\aladdin\aladdigamec\aladdigamec\objectmanager.cpp(8): error C3254: 'Drill': class contains explicit override '{dtor}' but does not derive from an interface that contains the function declaration
c:\users\haiapple.com\desktop\aladdin\aladdigamec\aladdigamec\objectmanager.cpp(8): error C2838: '{dtor}': illegal qualified name in member declaration
c:\users\haiapple.com\desktop\aladdin\aladdigamec\aladdigamec\objectmanager.cpp(16): error C3254: 'Drill': class contains explicit override 'Init' but does not derive from an interface that contains the function declaration
c:\users\haiapple.com\desktop\aladdin\aladdigamec\aladdigamec\objectmanager.cpp(16): error C2838: 'Init': illegal qualified name in member declaration
c:\users\haiapple.com\desktop\aladdin\aladdigamec\aladdigamec\objectmanager.cpp(109): error C3254: 'Drill': class contains explicit override 'Update' but does not derive from an interface that contains the function declaration
c:\users\haiapple.com\desktop\aladdin\aladdigamec\aladdigamec\objectmanager.cpp(109): error C2838: 'Update': illegal qualified name in member declaration
c:\users\haiapple.com\desktop\aladdin\aladdigamec\aladdigamec\objectmanager.cpp(156): error C3254: 'Drill': class contains explicit override 'Render' but does not derive from an interface that contains the function declaration
c:\users\haiapple.com\desktop\aladdin\aladdigamec\aladdigamec\objectmanager.cpp(156): error C2838: 'Render': illegal qualified name in member declaration
c:\users\haiapple.com\desktop\aladdin\aladdigamec\aladdigamec\objectmanager.cpp(185): error C3254: 'Drill': class contains explicit override 'ReadGrid' but does not derive from an interface that contains the function declaration
c:\users\haiapple.com\desktop\aladdin\aladdigamec\aladdigamec\objectmanager.cpp(185): error C2838: 'ReadGrid': illegal qualified name in member declaration
c:\users\haiapple.com\desktop\aladdin\aladdigamec\aladdigamec\objectmanager.cpp(228): fatal error C1004: unexpected end-of-file found
  pendulum.cpp
  c:\program files (x86)\microsoft directx sdk (june 2010)\include\dinput.h: DIRECTINPUT_VERSION undefined. Defaulting to version 0x0800
  PointMap.cpp
  c:\program files (x86)\microsoft directx sdk (june 2010)\include\dinput.h: DIRECTINPUT_VERSION undefined. Defaulting to version 0x0800
  Scene.cpp
  c:\program files (x86)\microsoft directx sdk (june 2010)\include\dinput.h: DIRECTINPUT_VERSION undefined. Defaulting to version 0x0800
c:\users\haiapple.com\desktop\aladdin\aladdigamec\aladdigamec\drill.h(11): error C2059: syntax error: '<<'
c:\users\haiapple.com\desktop\aladdin\aladdigamec\aladdigamec\drill.h(11): error C2334: unexpected token(s) preceding ':'; skipping apparent function body
c:\users\haiapple.com\desktop\aladdin\aladdigamec\aladdigamec\map3d.h(11): error C2059: syntax error: 'using namespace'
c:\users\haiapple.com\desktop\aladdin\aladdigamec\aladdigamec\map3d.h(11): error C2238: unexpected token(s) preceding ';'
c:\users\haiapple.com\desktop\aladdin\aladdigamec\aladdigamec\map3d.h(28): error C2059: syntax error: '>'
c:\users\haiapple.com\desktop\aladdin\aladdigamec\aladdigamec\scene.cpp(5): error C3254: 'Drill': class contains explicit override '{ctor}' but does not derive from an interface that contains the function declaration
c:\users\haiapple.com\desktop\aladdin\aladdigamec\aladdigamec\scene.cpp(5): error C2838: '{ctor}': illegal qualified name in member declaration
c:\users\haiapple.com\desktop\aladdin\aladdigamec\aladdigamec\scene.cpp(10): error C3254: 'Drill': class contains explicit override '{dtor}' but does not derive from an interface that contains the function declaration
c:\users\haiapple.com\desktop\aladdin\aladdigamec\aladdigamec\scene.cpp(10): error C2838: '{dtor}': illegal qualified name in member declaration
c:\users\haiapple.com\desktop\aladdin\aladdigamec\aladdigamec\scene.cpp(16): error C3254: 'Drill': class contains explicit override 'Init' but does not derive from an interface that contains the function declaration
c:\users\haiapple.com\desktop\aladdin\aladdigamec\aladdigamec\scene.cpp(16): error C2838: 'Init': illegal qualified name in member declaration
c:\users\haiapple.com\desktop\aladdin\aladdigamec\aladdigamec\scene.cpp(23): error C3254: 'Drill': class contains explicit override 'Update' but does not derive from an interface that contains the function declaration
c:\users\haiapple.com\desktop\aladdin\aladdigamec\aladdigamec\scene.cpp(23): error C2838: 'Update': illegal qualified name in member declaration
c:\users\haiapple.com\desktop\aladdin\aladdigamec\aladdigamec\scene.cpp(30): error C3254: 'Drill': class contains explicit override 'Render' but does not derive from an interface that contains the function declaration
c:\users\haiapple.com\desktop\aladdin\aladdigamec\aladdigamec\scene.cpp(30): error C2838: 'Render': illegal qualified name in member declaration
c:\users\haiapple.com\desktop\aladdin\aladdigamec\aladdigamec\scene.cpp(33): fatal error C1004: unexpected end-of-file found
  Sprite.cpp
  c:\program files (x86)\microsoft directx sdk (june 2010)\include\dinput.h: DIRECTINPUT_VERSION undefined. Defaulting to version 0x0800
c:\users\haiapple.com\desktop\aladdin\aladdigamec\aladdigamec\sprite.cpp(54): warning C4244: 'return': conversion from 'LONG' to 'float', possible loss of data
c:\users\haiapple.com\desktop\aladdin\aladdigamec\aladdigamec\sprite.cpp(58): warning C4244: 'return': conversion from 'LONG' to 'float', possible loss of data
  SpriteSheet.cpp
c:\users\haiapple.com\desktop\aladdin\aladdigamec\aladdigamec\spritesheet.cpp(66): warning C4244: '=': conversion from 'float' to 'LONG', possible loss of data
c:\users\haiapple.com\desktop\aladdin\aladdigamec\aladdigamec\spritesheet.cpp(67): warning C4244: '=': conversion from 'float' to 'LONG', possible loss of data
c:\users\haiapple.com\desktop\aladdin\aladdigamec\aladdigamec\spritesheet.cpp(68): warning C4244: '=': conversion from 'float' to 'LONG', possible loss of data
c:\users\haiapple.com\desktop\aladdin\aladdigamec\aladdigamec\spritesheet.cpp(69): warning C4244: '=': conversion from 'float' to 'LONG', possible loss of data
c:\users\haiapple.com\desktop\aladdin\aladdigamec\aladdigamec\spritesheet.cpp(84): warning C4244: '=': conversion from 'double' to 'FLOAT', possible loss of data
c:\users\haiapple.com\desktop\aladdin\aladdigamec\aladdigamec\spritesheet.cpp(85): warning C4244: '=': conversion from 'double' to 'FLOAT', possible loss of data
c:\users\haiapple.com\desktop\aladdin\aladdigamec\aladdigamec\spritesheet.cpp(97): warning C4244: '=': conversion from 'double' to 'FLOAT', possible loss of data
c:\users\haiapple.com\desktop\aladdin\aladdigamec\aladdigamec\spritesheet.cpp(98): warning C4244: '=': conversion from 'double' to 'FLOAT', possible loss of data
  Stage.cpp
  Text.cpp
  TileSet.cpp
  c:\program files (x86)\microsoft directx sdk (june 2010)\include\dinput.h: DIRECTINPUT_VERSION undefined. Defaulting to version 0x0800
  Viewport.cpp
  c:\program files (x86)\microsoft directx sdk (june 2010)\include\dinput.h: DIRECTINPUT_VERSION undefined. Defaulting to version 0x0800
c:\users\haiapple.com\desktop\aladdin\aladdigamec\aladdigamec\viewport.cpp(113): warning C4244: '=': conversion from 'FLOAT' to 'LONG', possible loss of data
c:\users\haiapple.com\desktop\aladdin\aladdigamec\aladdigamec\viewport.cpp(114): warning C4244: '=': conversion from 'FLOAT' to 'LONG', possible loss of data
c:\users\haiapple.com\desktop\aladdin\aladdigamec\aladdigamec\viewport.cpp(115): warning C4244: '=': conversion from 'float' to 'LONG', possible loss of data
c:\users\haiapple.com\desktop\aladdin\aladdigamec\aladdigamec\viewport.cpp(116): warning C4244: '=': conversion from 'float' to 'LONG', possible loss of data
c:\users\haiapple.com\desktop\aladdin\aladdigamec\aladdigamec\viewport.cpp(138): warning C4244: '=': conversion from 'int' to 'FLOAT', possible loss of data
c:\users\haiapple.com\desktop\aladdin\aladdigamec\aladdigamec\viewport.cpp(145): warning C4244: '=': conversion from 'int' to 'FLOAT', possible loss of data
  WinMain.cpp
  c:\program files (x86)\microsoft directx sdk (june 2010)\include\dinput.h: DIRECTINPUT_VERSION undefined. Defaulting to version 0x0800
c:\users\haiapple.com\desktop\aladdin\aladdigamec\aladdigamec\drill.h(11): error C2059: syntax error: '<<'
c:\users\haiapple.com\desktop\aladdin\aladdigamec\aladdigamec\drill.h(11): error C2334: unexpected token(s) preceding ':'; skipping apparent function body
c:\users\haiapple.com\desktop\aladdin\aladdigamec\aladdigamec\map3d.h(11): error C2059: syntax error: 'using namespace'
c:\users\haiapple.com\desktop\aladdin\aladdigamec\aladdigamec\map3d.h(11): error C2238: unexpected token(s) preceding ';'
c:\users\haiapple.com\desktop\aladdin\aladdigamec\aladdigamec\map3d.h(28): error C2059: syntax error: '>'
c:\users\haiapple.com\desktop\aladdin\aladdigamec\aladdigamec\winmain.cpp(3): error C2059: syntax error: 'using namespace'
c:\users\haiapple.com\desktop\aladdin\aladdigamec\aladdigamec\winmain.cpp(3): error C2238: unexpected token(s) preceding ';'
c:\users\haiapple.com\desktop\aladdin\aladdigamec\aladdigamec\winmain.cpp(26): fatal error C1004: unexpected end-of-file found
  Generating Code...
