  Aladdin.cpp
  C:\Program Files (x86)\Microsoft DirectX SDK (June 2010)\Include\dinput.h: DIRECTINPUT_VERSION undefined. Defaulting to version 0x0800
E:\Aladin\AladdinGameC\AladdiGameC\AladdiGameC\Aladdin.cpp(90,41): warning C4305: 'argument': truncation from 'double' to 'FLOAT'
  AladdinAnimation.cpp
  AladinState.cpp
E:\Aladin\AladdinGameC\AladdiGameC\AladdiGameC\Aladdin.cpp(94,40): warning C4305: 'argument': truncation from 'double' to 'FLOAT'
E:\Aladin\AladdinGameC\AladdiGameC\AladdiGameC\Aladdin.cpp(94,40): warning C4305: C:\Program Files (x86)\Microsoft DirectX SDK (June 2010)\Include\dinput.h: DIRECTINPUT_VERSION undefined. Defaulting to version 0x0800
E:\Aladin\AladdinGameC\AladdiGameC\AladdiGameC\Aladdin.cpp(94,40): warning C4305: C:\Program Files (x86)\Microsoft DirectX SDK (June 2010)\Include\dinput.h: DIRECTINPUT_VERSION undefined. Defaulting to version 0x0800
  Animation.cpp
E:\Aladin\AladdinGameC\AladdiGameC\AladdiGameC\AladinState.cpp(87,36): warning C4244: '=': conversion from 'FLOAT' to 'int', possible loss of data
E:\Aladin\AladdinGameC\AladdiGameC\AladdiGameC\AladinState.cpp(87,36): warning C4244: C:\Program Files (x86)\Microsoft DirectX SDK (June 2010)\Include\dinput.h: DIRECTINPUT_VERSION undefined. Defaulting to version 0x0800
E:\Aladin\AladdinGameC\AladdiGameC\AladdiGameC\Animation.cpp(21,16): warning C4244: '=': conversion from 'int' to 'float', possible loss of data
E:\Aladin\AladdinGameC\AladdiGameC\AladdiGameC\Animation.cpp(45,16): warning C4244: '=': conversion from 'int' to 'float', possible loss of data
E:\Aladin\AladdinGameC\AladdiGameC\AladdiGameC\Animation.cpp(54,16): warning C4244: '=': conversion from 'int' to 'float', possible loss of data
  Arrow.cpp
  Bat.cpp
E:\Aladin\AladdinGameC\AladdiGameC\AladdiGameC\Animation.cpp(83,9): warning C4244: 'return': conversion from 'float' to 'int', possible loss of data
E:\Aladin\AladdinGameC\AladdiGameC\AladdiGameC\Animation.cpp(83,9): warning C4244: C:\Program Files (x86)\Microsoft DirectX SDK (June 2010)\Include\dinput.h: DIRECTINPUT_VERSION undefined. Defaulting to version 0x0800
E:\Aladin\AladdinGameC\AladdiGameC\AladdiGameC\Animation.cpp(83,9): warning C4244: C:\Program Files (x86)\Microsoft DirectX SDK (June 2010)\Include\dinput.h: DIRECTINPUT_VERSION undefined. Defaulting to version 0x0800
E:\Aladin\AladdinGameC\AladdiGameC\AladdiGameC\Bat.cpp(13,31): warning C4305: 'argument': truncation from 'double' to 'float'
E:\Aladin\AladdinGameC\AladdiGameC\AladdiGameC\Bat.cpp(17,31): warning C4305: 'argument': truncation from 'double' to 'float'
  Brick.cpp
  Cell.cpp
  Collision.cpp
E:\Aladin\AladdinGameC\AladdiGameC\AladdiGameC\Bat.cpp(25,31): warning C4305: 'argument': truncation from 'double' to 'float'
E:\Aladin\AladdinGameC\AladdiGameC\AladdiGameC\Bat.cpp(25,31): warning C4305: C:\Program Files (x86)\Microsoft DirectX SDK (June 2010)\Include\dinput.h: DIRECTINPUT_VERSION undefined. Defaulting to version 0x0800
E:\Aladin\AladdinGameC\AladdiGameC\AladdiGameC\Bat.cpp(25,31): warning C4305: C:\Program Files (x86)\Microsoft DirectX SDK (June 2010)\Include\dinput.h: DIRECTINPUT_VERSION undefined. Defaulting to version 0x0800
E:\Aladin\AladdinGameC\AladdiGameC\AladdiGameC\Bat.cpp(25,31): warning C4305: C:\Program Files (x86)\Microsoft DirectX SDK (June 2010)\Include\dinput.h: DIRECTINPUT_VERSION undefined. Defaulting to version 0x0800
E:\Aladin\AladdinGameC\AladdiGameC\AladdiGameC\Collision.cpp(18,28): warning C4244: '=': conversion from 'FLOAT' to 'LONG', possible loss of data
E:\Aladin\AladdinGameC\AladdiGameC\AladdiGameC\Collision.cpp(20,30): warning C4244: '=': conversion from 'FLOAT' to 'LONG', possible loss of data
E:\Aladin\AladdinGameC\AladdiGameC\AladdiGameC\Collision.cpp(23,32): warning C4244: '=': conversion from 'FLOAT' to 'LONG', possible loss of data
E:\Aladin\AladdinGameC\AladdiGameC\AladdiGameC\Collision.cpp(25,26): warning C4244: '=': conversion from 'FLOAT' to 'LONG', possible loss of data
E:\Aladin\AladdinGameC\AladdiGameC\AladdiGameC\Collision.cpp(64,24): warning C4244: '=': conversion from 'LONG' to 'float', possible loss of data
E:\Aladin\AladdinGameC\AladdiGameC\AladdiGameC\Collision.cpp(65,24): warning C4244: '=': conversion from 'LONG' to 'float', possible loss of data
E:\Aladin\AladdinGameC\AladdiGameC\AladdiGameC\Collision.cpp(69,25): warning C4244: '=': conversion from 'LONG' to 'float', possible loss of data
E:\Aladin\AladdinGameC\AladdiGameC\AladdiGameC\Collision.cpp(70,23): warning C4244: '=': conversion from 'LONG' to 'float', possible loss of data
E:\Aladin\AladdinGameC\AladdiGameC\AladdiGameC\Collision.cpp(75,26): warning C4244: '=': conversion from 'LONG' to 'float', possible loss of data
E:\Aladin\AladdinGameC\AladdiGameC\AladdiGameC\Collision.cpp(76,22): warning C4244: '=': conversion from 'LONG' to 'float', possible loss of data
E:\Aladin\AladdinGameC\AladdiGameC\AladdiGameC\Collision.cpp(80,23): warning C4244: '=': conversion from 'LONG' to 'float', possible loss of data
  dsutil.cpp
  Game.cpp
E:\Aladin\AladdinGameC\AladdiGameC\AladdiGameC\Collision.cpp(81,25): warning C4244: '=': conversion from 'LONG' to 'float', possible loss of data
E:\Aladin\AladdinGameC\AladdiGameC\AladdiGameC\Collision.cpp(81,25): warning C4244: C:\Program Files (x86)\Microsoft DirectX SDK (June 2010)\Include\dinput.h: DIRECTINPUT_VERSION undefined. Defaulting to version 0x0800
E:\Aladin\AladdinGameC\AladdiGameC\AladdiGameC\Game.cpp(79,53): warning C4244: 'argument': conversion from 'const float' to 'int', possible loss of data
E:\Aladin\AladdinGameC\AladdiGameC\AladdiGameC\Game.cpp(79,42): warning C4244: 'argument': conversion from 'const float' to 'int', possible loss of data
  Graphic.cpp
E:\Aladin\AladdinGameC\AladdiGameC\AladdiGameC\Game.cpp(147,15): warning C4244: 'argument': conversion from 'float' to 'DWORD', possible loss of data
  Grid.cpp
E:\Aladin\AladdinGameC\AladdiGameC\AladdiGameC\Graphic.cpp(171,12): warning C4244: 'initializing': conversion from 'double' to 'float', possible loss of data
E:\Aladin\AladdinGameC\AladdiGameC\AladdiGameC\Graphic.cpp(171,12): warning C4244: C:\Program Files (x86)\Microsoft DirectX SDK (June 2010)\Include\dinput.h: DIRECTINPUT_VERSION undefined. Defaulting to version 0x0800
E:\Aladin\AladdinGameC\AladdiGameC\AladdiGameC\Grid.cpp(79,13): warning C4244: 'initializing': conversion from 'double' to 'int', possible loss of data
E:\Aladin\AladdinGameC\AladdiGameC\AladdiGameC\Grid.cpp(80,11): warning C4244: 'initializing': conversion from 'double' to 'int', possible loss of data
E:\Aladin\AladdinGameC\AladdiGameC\AladdiGameC\Grid.cpp(81,13): warning C4244: 'initializing': conversion from 'double' to 'int', possible loss of data
E:\Aladin\AladdinGameC\AladdiGameC\AladdiGameC\Grid.cpp(82,11): warning C4244: 'initializing': conversion from 'double' to 'int', possible loss of data
E:\Aladin\AladdinGameC\AladdiGameC\AladdiGameC\Grid.cpp(107,13): warning C4244: 'initializing': conversion from 'double' to 'int', possible loss of data
E:\Aladin\AladdinGameC\AladdiGameC\AladdiGameC\Grid.cpp(108,11): warning C4244: 'initializing': conversion from 'double' to 'int', possible loss of data
E:\Aladin\AladdinGameC\AladdiGameC\AladdiGameC\Grid.cpp(109,13): warning C4244: 'initializing': conversion from 'double' to 'int', possible loss of data
  Guard.cpp
  GuardAnimation.cpp
  GuardState.cpp
  Keyboard.cpp
  Map.cpp
E:\Aladin\AladdinGameC\AladdiGameC\AladdiGameC\Grid.cpp(110,11): warning C4244: 'initializing': conversion from 'double' to 'int', possible loss of data
E:\Aladin\AladdinGameC\AladdiGameC\AladdiGameC\Grid.cpp(110,11): warning C4244: C:\Program Files (x86)\Microsoft DirectX SDK (June 2010)\Include\dinput.h: DIRECTINPUT_VERSION undefined. Defaulting to version 0x0800
E:\Aladin\AladdinGameC\AladdiGameC\AladdiGameC\Grid.cpp(110,11): warning C4244: C:\Program Files (x86)\Microsoft DirectX SDK (June 2010)\Include\dinput.h: DIRECTINPUT_VERSION undefined. Defaulting to version 0x0800
E:\Aladin\AladdinGameC\AladdiGameC\AladdiGameC\Grid.cpp(110,11): warning C4244: C:\Program Files (x86)\Microsoft DirectX SDK (June 2010)\Include\dinput.h: DIRECTINPUT_VERSION undefined. Defaulting to version 0x0800
E:\Aladin\AladdinGameC\AladdiGameC\AladdiGameC\Map.cpp(115,8): warning C4244: 'initializing': conversion from 'FLOAT' to 'int', possible loss of data
E:\Aladin\AladdinGameC\AladdiGameC\AladdiGameC\Map.cpp(116,8): warning C4244: 'initializing': conversion from 'FLOAT' to 'int', possible loss of data
E:\Aladin\AladdinGameC\AladdiGameC\AladdiGameC\Map.cpp(121,8): warning C4244: 'initializing': conversion from 'FLOAT' to 'int', possible loss of data
E:\Aladin\AladdinGameC\AladdiGameC\AladdiGameC\Map.cpp(122,8): warning C4244: 'initializing': conversion from 'FLOAT' to 'int', possible loss of data
E:\Aladin\AladdinGameC\AladdiGameC\AladdiGameC\Map.cpp(169,49): warning C4244: 'argument': conversion from 'int' to 'FLOAT', possible loss of data
E:\Aladin\AladdinGameC\AladdiGameC\AladdiGameC\Map.cpp(169,28): warning C4244: 'argument': conversion from 'int' to 'FLOAT', possible loss of data
E:\Aladin\AladdinGameC\AladdiGameC\AladdiGameC\Map.cpp(203,44): warning C4244: 'argument': conversion from 'FLOAT' to 'int', possible loss of data
E:\Aladin\AladdinGameC\AladdiGameC\AladdiGameC\Map.cpp(204,44): warning C4244: 'argument': conversion from 'FLOAT' to 'int', possible loss of data
E:\Aladin\AladdinGameC\AladdiGameC\AladdiGameC\Map.cpp(205,39): warning C4244: 'argument': conversion from 'float' to 'int', possible loss of data
  MapObject.cpp
E:\Aladin\AladdinGameC\AladdiGameC\AladdiGameC\Map.cpp(206,39): warning C4244: 'argument': conversion from 'float' to 'int', possible loss of data
E:\Aladin\AladdinGameC\AladdiGameC\AladdiGameC\MapObject.cpp(6,18): warning C4244: '=': conversion from 'float' to 'LONG', possible loss of data
E:\Aladin\AladdinGameC\AladdiGameC\AladdiGameC\MapObject.cpp(7,25): warning C4244: '=': conversion from 'float' to 'LONG', possible loss of data
E:\Aladin\AladdinGameC\AladdiGameC\AladdiGameC\MapObject.cpp(8,17): warning C4244: '=': conversion from 'float' to 'LONG', possible loss of data
  MapObjectGroup.cpp
E:\Aladin\AladdinGameC\AladdiGameC\AladdiGameC\MapObject.cpp(9,25): warning C4244: '=': conversion from 'float' to 'LONG', possible loss of data
  Generating Code...
E:\Aladin\AladdinGameC\AladdiGameC\AladdiGameC\MapObjectGroup.cpp(9,28): warning C4018: '<': signed/unsigned mismatch
  Compiling...
  Object.cpp
E:\Aladin\AladdinGameC\AladdiGameC\AladdiGameC\Game.cpp(74): warning C4715: 'Game::InitWindow': not all control paths return a value
E:\Aladin\AladdinGameC\AladdiGameC\AladdiGameC\Game.cpp(74): warning C4715: C:\Program Files (x86)\Microsoft DirectX SDK (June 2010)\Include\dinput.h: DIRECTINPUT_VERSION undefined. Defaulting to version 0x0800
E:\Aladin\AladdinGameC\AladdiGameC\AladdiGameC\Object.cpp(28,26): warning C4244: '=': conversion from 'FLOAT' to 'LONG', possible loss of data
E:\Aladin\AladdinGameC\AladdiGameC\AladdiGameC\Object.cpp(29,27): warning C4244: '=': conversion from 'float' to 'LONG', possible loss of data
E:\Aladin\AladdinGameC\AladdiGameC\AladdiGameC\Object.cpp(30,25): warning C4244: '=': conversion from 'FLOAT' to 'LONG', possible loss of data
E:\Aladin\AladdinGameC\AladdiGameC\AladdiGameC\Object.cpp(31,27): warning C4244: '=': conversion from 'float' to 'LONG', possible loss of data
E:\Aladin\AladdinGameC\AladdiGameC\AladdiGameC\Object.cpp(44,26): warning C4244: '=': conversion from 'FLOAT' to 'LONG', possible loss of data
E:\Aladin\AladdinGameC\AladdiGameC\AladdiGameC\Object.cpp(45,27): warning C4244: '=': conversion from 'float' to 'LONG', possible loss of data
E:\Aladin\AladdinGameC\AladdiGameC\AladdiGameC\Object.cpp(46,25): warning C4244: '=': conversion from 'FLOAT' to 'LONG', possible loss of data
  ObjectManager.cpp
  pendulum.cpp
  Scene.cpp
  Sound.cpp
  Sprite.cpp
E:\Aladin\AladdinGameC\AladdiGameC\AladdiGameC\Object.cpp(47,27): warning C4244: '=': conversion from 'float' to 'LONG', possible loss of data
E:\Aladin\AladdinGameC\AladdiGameC\AladdiGameC\Object.cpp(47,27): warning C4244: C:\Program Files (x86)\Microsoft DirectX SDK (June 2010)\Include\dinput.h: DIRECTINPUT_VERSION undefined. Defaulting to version 0x0800
E:\Aladin\AladdinGameC\AladdiGameC\AladdiGameC\Object.cpp(47,27): warning C4244: C:\Program Files (x86)\Microsoft DirectX SDK (June 2010)\Include\dinput.h: DIRECTINPUT_VERSION undefined. Defaulting to version 0x0800
E:\Aladin\AladdinGameC\AladdiGameC\AladdiGameC\Object.cpp(47,27): warning C4244: C:\Program Files (x86)\Microsoft DirectX SDK (June 2010)\Include\dinput.h: DIRECTINPUT_VERSION undefined. Defaulting to version 0x0800
E:\Aladin\AladdinGameC\AladdiGameC\AladdiGameC\Object.cpp(47,27): warning C4244: C:\Program Files (x86)\Microsoft DirectX SDK (June 2010)\Include\dinput.h: DIRECTINPUT_VERSION undefined. Defaulting to version 0x0800
E:\Aladin\AladdinGameC\AladdiGameC\AladdiGameC\Sprite.cpp(54,20): warning C4244: 'return': conversion from 'LONG' to 'float', possible loss of data
  SpriteSheet.cpp
E:\Aladin\AladdinGameC\AladdiGameC\AladdiGameC\Sprite.cpp(58,21): warning C4244: 'return': conversion from 'LONG' to 'float', possible loss of data
E:\Aladin\AladdinGameC\AladdiGameC\AladdiGameC\SpriteSheet.cpp(66,25): warning C4244: '=': conversion from 'float' to 'LONG', possible loss of data
E:\Aladin\AladdinGameC\AladdiGameC\AladdiGameC\SpriteSheet.cpp(67,24): warning C4244: '=': conversion from 'float' to 'LONG', possible loss of data
E:\Aladin\AladdinGameC\AladdiGameC\AladdiGameC\SpriteSheet.cpp(68,25): warning C4244: '=': conversion from 'float' to 'LONG', possible loss of data
E:\Aladin\AladdinGameC\AladdiGameC\AladdiGameC\SpriteSheet.cpp(69,25): warning C4244: '=': conversion from 'float' to 'LONG', possible loss of data
E:\Aladin\AladdinGameC\AladdiGameC\AladdiGameC\SpriteSheet.cpp(84,25): warning C4244: '=': conversion from 'double' to 'FLOAT', possible loss of data
E:\Aladin\AladdinGameC\AladdiGameC\AladdiGameC\SpriteSheet.cpp(85,25): warning C4244: '=': conversion from 'double' to 'FLOAT', possible loss of data
E:\Aladin\AladdinGameC\AladdiGameC\AladdiGameC\SpriteSheet.cpp(97,27): warning C4244: '=': conversion from 'double' to 'FLOAT', possible loss of data
  Stage.cpp
  Text.cpp
  TileSet.cpp
  tinystr.cpp
  tinyxml.cpp
  tinyxmlerror.cpp
  tinyxmlparser.cpp
  Viewport.cpp
E:\Aladin\AladdinGameC\AladdiGameC\AladdiGameC\SpriteSheet.cpp(98,27): warning C4244: '=': conversion from 'double' to 'FLOAT', possible loss of data
E:\Aladin\AladdinGameC\AladdiGameC\AladdiGameC\SpriteSheet.cpp(98,27): warning C4244: C:\Program Files (x86)\Microsoft DirectX SDK (June 2010)\Include\dinput.h: DIRECTINPUT_VERSION undefined. Defaulting to version 0x0800
E:\Aladin\AladdinGameC\AladdiGameC\AladdiGameC\SpriteSheet.cpp(98,27): warning C4244: C:\Program Files (x86)\Microsoft DirectX SDK (June 2010)\Include\dinput.h: DIRECTINPUT_VERSION undefined. Defaulting to version 0x0800
E:\Aladin\AladdinGameC\AladdiGameC\AladdiGameC\Viewport.cpp(113,27): warning C4244: '=': conversion from 'FLOAT' to 'LONG', possible loss of data
E:\Aladin\AladdinGameC\AladdiGameC\AladdiGameC\Viewport.cpp(114,26): warning C4244: '=': conversion from 'FLOAT' to 'LONG', possible loss of data
E:\Aladin\AladdinGameC\AladdiGameC\AladdiGameC\Viewport.cpp(115,25): warning C4244: '=': conversion from 'float' to 'LONG', possible loss of data
  WinMain.cpp
E:\Aladin\AladdinGameC\AladdiGameC\AladdiGameC\Viewport.cpp(116,25): warning C4244: '=': conversion from 'float' to 'LONG', possible loss of data
E:\Aladin\AladdinGameC\AladdiGameC\AladdiGameC\Viewport.cpp(116,25): warning C4244: C:\Program Files (x86)\Microsoft DirectX SDK (June 2010)\Include\dinput.h: DIRECTINPUT_VERSION undefined. Defaulting to version 0x0800
E:\Aladin\AladdinGameC\AladdiGameC\AladdiGameC\WinMain.cpp(15,33): warning C4244: 'argument': conversion from 'const float' to 'int', possible loss of data
  Generating Code...
E:\Aladin\AladdinGameC\AladdiGameC\AladdiGameC\WinMain.cpp(15,23): warning C4244: 'argument': conversion from 'const float' to 'int', possible loss of data
  AladdiGameC.vcxproj -> E:\Aladin\AladdinGameC\AladdiGameC\Debug\AladdiGameC.exe
